Analysis & Synthesis report for relogio
Sun Oct 29 11:28:21 2023
Quartus Prime Version 20.1.0 Build 711 06/05/2020 SJ Lite Edition


---------------------
; Table of Contents ;
---------------------
  1. Legal Notice
  2. Analysis & Synthesis Summary
  3. Analysis & Synthesis Settings
  4. Parallel Compilation
  5. Analysis & Synthesis Source Files Read
  6. Analysis & Synthesis Resource Usage Summary
  7. Analysis & Synthesis Resource Utilization by Entity
  8. General Register Statistics
  9. Multiplexer Restructuring Statistics (Restructuring Performed)
 10. Parameter Settings for User Entity Instance: Top-level Entity: |relogio
 11. Parameter Settings for User Entity Instance: memoriaROM:ROM
 12. Parameter Settings for User Entity Instance: memoriaRAM:RAM
 13. Parameter Settings for User Entity Instance: cpu:CPU
 14. Parameter Settings for User Entity Instance: cpu:CPU|bancoRegistradoresArqRegMem:bancoRegistradores
 15. Parameter Settings for User Entity Instance: cpu:CPU|ULA:ULA
 16. Parameter Settings for User Entity Instance: cpu:CPU|muxGenerico2x1:MUX_CPU
 17. Parameter Settings for User Entity Instance: cpu:CPU|muxGenerico4x1:MUX_ENDERECO
 18. Parameter Settings for User Entity Instance: cpu:CPU|registradorGenerico:PC
 19. Parameter Settings for User Entity Instance: cpu:CPU|somaConstante:incrementaPC
 20. Parameter Settings for User Entity Instance: cpu:CPU|memoriaRAM:RAM_END
 21. Parameter Settings for User Entity Instance: cpu:CPU|muxGenerico2x1:MUX_END
 22. Parameter Settings for User Entity Instance: cpu:CPU|ULASomaSubEND:ULA_END
 23. Parameter Settings for User Entity Instance: cpu:CPU|registradorGenerico:REG_retorno
 24. Parameter Settings for User Entity Instance: registradorGenerico:Registrador_LEDs
 25. Parameter Settings for User Entity Instance: displayHEX:HEX_0
 26. Parameter Settings for User Entity Instance: displayHEX:HEX_0|registradorGenerico:REG_HEX0
 27. Parameter Settings for User Entity Instance: displayHEX:HEX_1
 28. Parameter Settings for User Entity Instance: displayHEX:HEX_1|registradorGenerico:REG_HEX0
 29. Parameter Settings for User Entity Instance: displayHEX:HEX_2
 30. Parameter Settings for User Entity Instance: displayHEX:HEX_2|registradorGenerico:REG_HEX0
 31. Parameter Settings for User Entity Instance: displayHEX:HEX_3
 32. Parameter Settings for User Entity Instance: displayHEX:HEX_3|registradorGenerico:REG_HEX0
 33. Parameter Settings for User Entity Instance: displayHEX:HEX_4
 34. Parameter Settings for User Entity Instance: displayHEX:HEX_4|registradorGenerico:REG_HEX0
 35. Parameter Settings for User Entity Instance: displayHEX:HEX_5
 36. Parameter Settings for User Entity Instance: displayHEX:HEX_5|registradorGenerico:REG_HEX0
 37. Parameter Settings for User Entity Instance: debounceKey:KEY_0
 38. Parameter Settings for User Entity Instance: debounceKey:KEY_1
 39. Port Connectivity Checks: "debounceKey:KEY_0|buffer_3_state_8portas:BufferKEY"
 40. Port Connectivity Checks: "debounceKey:KEY_0|FlipFlop:FlipFlopKey"
 41. Port Connectivity Checks: "displayHEX:HEX_0|conversorHex7Seg:DECODER_HEX0"
 42. Port Connectivity Checks: "displayHEX:HEX_0|registradorGenerico:REG_HEX0"
 43. Port Connectivity Checks: "registradorGenerico:Registrador_LEDs"
 44. Port Connectivity Checks: "FlipFlop:FlipFlopLed8"
 45. Port Connectivity Checks: "FlipFlop:FlipFlopLed9"
 46. Port Connectivity Checks: "decoder3x8:DecoderEnderecos"
 47. Port Connectivity Checks: "decoder3x8:DecoderBlocoRAM"
 48. Port Connectivity Checks: "cpu:CPU|registradorGenerico:REG_retorno"
 49. Port Connectivity Checks: "cpu:CPU|ULASomaSubEND:ULA_END"
 50. Port Connectivity Checks: "cpu:CPU|memoriaRAM:RAM_END"
 51. Port Connectivity Checks: "cpu:CPU|registradorGenerico:PC"
 52. Port Connectivity Checks: "cpu:CPU|muxGenerico4x1:MUX_ENDERECO"
 53. Port Connectivity Checks: "cpu:CPU|FlipFlop:FlipFlopCLT"
 54. Port Connectivity Checks: "cpu:CPU|FlipFlop:FlipFlop"
 55. Port Connectivity Checks: "cpu:CPU"
 56. Post-Synthesis Netlist Statistics for Top Partition
 57. Elapsed Time Per Partition
 58. Analysis & Synthesis Messages



----------------
; Legal Notice ;
----------------
Copyright (C) 2020  Intel Corporation. All rights reserved.
Your use of Intel Corporation's design tools, logic functions 
and other software and tools, and any partner logic 
functions, and any output files from any of the foregoing 
(including device programming or simulation files), and any 
associated documentation or information are expressly subject 
to the terms and conditions of the Intel Program License 
Subscription Agreement, the Intel Quartus Prime License Agreement,
the Intel FPGA IP License Agreement, or other applicable license
agreement, including, without limitation, that your use is for
the sole purpose of programming logic devices manufactured by
Intel and sold by Intel or its authorized distributors.  Please
refer to the applicable agreement for further details, at
https://fpgasoftware.intel.com/eula.



+-------------------------------------------------------------------------------+
; Analysis & Synthesis Summary                                                  ;
+---------------------------------+---------------------------------------------+
; Analysis & Synthesis Status     ; Successful - Sun Oct 29 11:28:21 2023       ;
; Quartus Prime Version           ; 20.1.0 Build 711 06/05/2020 SJ Lite Edition ;
; Revision Name                   ; relogio                                     ;
; Top-level Entity Name           ; relogio                                     ;
; Family                          ; Cyclone V                                   ;
; Logic utilization (in ALMs)     ; N/A                                         ;
; Total registers                 ; 668                                         ;
; Total pins                      ; 92                                          ;
; Total virtual pins              ; 0                                           ;
; Total block memory bits         ; 0                                           ;
; Total DSP Blocks                ; 0                                           ;
; Total HSSI RX PCSs              ; 0                                           ;
; Total HSSI PMA RX Deserializers ; 0                                           ;
; Total HSSI TX PCSs              ; 0                                           ;
; Total HSSI PMA TX Serializers   ; 0                                           ;
; Total PLLs                      ; 0                                           ;
; Total DLLs                      ; 0                                           ;
+---------------------------------+---------------------------------------------+


+---------------------------------------------------------------------------------------------------------------------------+
; Analysis & Synthesis Settings                                                                                             ;
+---------------------------------------------------------------------------------+--------------------+--------------------+
; Option                                                                          ; Setting            ; Default Value      ;
+---------------------------------------------------------------------------------+--------------------+--------------------+
; Device                                                                          ; 5CEBA4F23C7        ;                    ;
; Top-level entity name                                                           ; relogio            ; relogio            ;
; Family name                                                                     ; Cyclone V          ; Cyclone V          ;
; Maximum processors allowed for parallel compilation                             ; All                ;                    ;
; VHDL Show LMF Mapping Messages                                                  ; Off                ;                    ;
; VHDL Version                                                                    ; VHDL_2008          ; VHDL_1993          ;
; Use smart compilation                                                           ; Off                ; Off                ;
; Enable parallel Assembler and Timing Analyzer during compilation                ; On                 ; On                 ;
; Enable compact report table                                                     ; Off                ; Off                ;
; Restructure Multiplexers                                                        ; Auto               ; Auto               ;
; MLAB Add Timing Constraints For Mixed-Port Feed-Through Mode Setting Don't Care ; Off                ; Off                ;
; Create Debugging Nodes for IP Cores                                             ; Off                ; Off                ;
; Preserve fewer node names                                                       ; On                 ; On                 ;
; Intel FPGA IP Evaluation Mode                                                   ; Enable             ; Enable             ;
; Verilog Version                                                                 ; Verilog_2001       ; Verilog_2001       ;
; State Machine Processing                                                        ; Auto               ; Auto               ;
; Safe State Machine                                                              ; Off                ; Off                ;
; Extract Verilog State Machines                                                  ; On                 ; On                 ;
; Extract VHDL State Machines                                                     ; On                 ; On                 ;
; Ignore Verilog initial constructs                                               ; Off                ; Off                ;
; Iteration limit for constant Verilog loops                                      ; 5000               ; 5000               ;
; Iteration limit for non-constant Verilog loops                                  ; 250                ; 250                ;
; Add Pass-Through Logic to Inferred RAMs                                         ; On                 ; On                 ;
; Infer RAMs from Raw Logic                                                       ; On                 ; On                 ;
; Parallel Synthesis                                                              ; On                 ; On                 ;
; DSP Block Balancing                                                             ; Auto               ; Auto               ;
; NOT Gate Push-Back                                                              ; On                 ; On                 ;
; Power-Up Don't Care                                                             ; On                 ; On                 ;
; Remove Redundant Logic Cells                                                    ; Off                ; Off                ;
; Remove Duplicate Registers                                                      ; On                 ; On                 ;
; Ignore CARRY Buffers                                                            ; Off                ; Off                ;
; Ignore CASCADE Buffers                                                          ; Off                ; Off                ;
; Ignore GLOBAL Buffers                                                           ; Off                ; Off                ;
; Ignore ROW GLOBAL Buffers                                                       ; Off                ; Off                ;
; Ignore LCELL Buffers                                                            ; Off                ; Off                ;
; Ignore SOFT Buffers                                                             ; On                 ; On                 ;
; Limit AHDL Integers to 32 Bits                                                  ; Off                ; Off                ;
; Optimization Technique                                                          ; Balanced           ; Balanced           ;
; Carry Chain Length                                                              ; 70                 ; 70                 ;
; Auto Carry Chains                                                               ; On                 ; On                 ;
; Auto Open-Drain Pins                                                            ; On                 ; On                 ;
; Perform WYSIWYG Primitive Resynthesis                                           ; Off                ; Off                ;
; Auto ROM Replacement                                                            ; On                 ; On                 ;
; Auto RAM Replacement                                                            ; On                 ; On                 ;
; Auto DSP Block Replacement                                                      ; On                 ; On                 ;
; Auto Shift Register Replacement                                                 ; Auto               ; Auto               ;
; Allow Shift Register Merging across Hierarchies                                 ; Auto               ; Auto               ;
; Auto Clock Enable Replacement                                                   ; On                 ; On                 ;
; Strict RAM Replacement                                                          ; Off                ; Off                ;
; Allow Synchronous Control Signals                                               ; On                 ; On                 ;
; Force Use of Synchronous Clear Signals                                          ; Off                ; Off                ;
; Auto Resource Sharing                                                           ; Off                ; Off                ;
; Allow Any RAM Size For Recognition                                              ; Off                ; Off                ;
; Allow Any ROM Size For Recognition                                              ; Off                ; Off                ;
; Allow Any Shift Register Size For Recognition                                   ; Off                ; Off                ;
; Use LogicLock Constraints during Resource Balancing                             ; On                 ; On                 ;
; Ignore translate_off and synthesis_off directives                               ; Off                ; Off                ;
; Timing-Driven Synthesis                                                         ; On                 ; On                 ;
; Report Parameter Settings                                                       ; On                 ; On                 ;
; Report Source Assignments                                                       ; On                 ; On                 ;
; Report Connectivity Checks                                                      ; On                 ; On                 ;
; Ignore Maximum Fan-Out Assignments                                              ; Off                ; Off                ;
; Synchronization Register Chain Length                                           ; 3                  ; 3                  ;
; Power Optimization During Synthesis                                             ; Normal compilation ; Normal compilation ;
; HDL message level                                                               ; Level2             ; Level2             ;
; Suppress Register Optimization Related Messages                                 ; Off                ; Off                ;
; Number of Removed Registers Reported in Synthesis Report                        ; 5000               ; 5000               ;
; Number of Swept Nodes Reported in Synthesis Report                              ; 5000               ; 5000               ;
; Number of Inverted Registers Reported in Synthesis Report                       ; 100                ; 100                ;
; Clock MUX Protection                                                            ; On                 ; On                 ;
; Auto Gated Clock Conversion                                                     ; Off                ; Off                ;
; Block Design Naming                                                             ; Auto               ; Auto               ;
; SDC constraint protection                                                       ; Off                ; Off                ;
; Synthesis Effort                                                                ; Auto               ; Auto               ;
; Shift Register Replacement - Allow Asynchronous Clear Signal                    ; On                 ; On                 ;
; Pre-Mapping Resynthesis Optimization                                            ; Off                ; Off                ;
; Analysis & Synthesis Message Level                                              ; Medium             ; Medium             ;
; Disable Register Merging Across Hierarchies                                     ; Auto               ; Auto               ;
; Resource Aware Inference For Block RAM                                          ; On                 ; On                 ;
; Automatic Parallel Synthesis                                                    ; On                 ; On                 ;
; Partial Reconfiguration Bitstream ID                                            ; Off                ; Off                ;
+---------------------------------------------------------------------------------+--------------------+--------------------+


+------------------------------------------+
; Parallel Compilation                     ;
+----------------------------+-------------+
; Processors                 ; Number      ;
+----------------------------+-------------+
; Number detected on machine ; 8           ;
; Maximum allowed            ; 4           ;
;                            ;             ;
; Average used               ; 1.00        ;
; Maximum used               ; 4           ;
;                            ;             ;
; Usage by Processor         ; % Time Used ;
;     Processor 1            ; 100.0%      ;
;     Processor 2            ;   0.0%      ;
;     Processor 3            ;   0.0%      ;
;     Processor 4            ;   0.0%      ;
+----------------------------+-------------+


+------------------------------------------------------------------------------------------------------------------------------------------+
; Analysis & Synthesis Source Files Read                                                                                                   ;
+----------------------------------+-----------------+-----------------+---------------------------------------------------------+---------+
; File Name with User-Entered Path ; Used in Netlist ; File Type       ; File Name with Absolute Path                            ; Library ;
+----------------------------------+-----------------+-----------------+---------------------------------------------------------+---------+
; relogio.vhd                      ; yes             ; User VHDL File  ; C:/descomp/Proj_relogio/relogio.vhd                     ;         ;
; cpu.vhd                          ; yes             ; User VHDL File  ; C:/descomp/Proj_relogio/cpu.vhd                         ;         ;
; bancoRegistradoresArqRegMem.vhd  ; yes             ; User VHDL File  ; C:/descomp/Proj_relogio/bancoRegistradoresArqRegMem.vhd ;         ;
; ULA.vhd                          ; yes             ; User VHDL File  ; C:/descomp/Proj_relogio/ULA.vhd                         ;         ;
; registradorGenerico.vhd          ; yes             ; User VHDL File  ; C:/descomp/Proj_relogio/registradorGenerico.vhd         ;         ;
; FlipFlop.vhd                     ; yes             ; User VHDL File  ; C:/descomp/Proj_relogio/FlipFlop.vhd                    ;         ;
; MUX2X1.vhd                       ; yes             ; User VHDL File  ; C:/descomp/Proj_relogio/MUX2X1.vhd                      ;         ;
; muxGenerico4x1.vhd               ; yes             ; User VHDL File  ; C:/descomp/Proj_relogio/muxGenerico4x1.vhd              ;         ;
; somaConstante.vhd                ; yes             ; User VHDL File  ; C:/descomp/Proj_relogio/somaConstante.vhd               ;         ;
; LogicaDesvio1.vhd                ; yes             ; User VHDL File  ; C:/descomp/Proj_relogio/LogicaDesvio1.vhd               ;         ;
; decoderInstrucao.vhd             ; yes             ; User VHDL File  ; C:/descomp/Proj_relogio/decoderInstrucao.vhd            ;         ;
; memoriaROM.vhd                   ; yes             ; User VHDL File  ; C:/descomp/Proj_relogio/memoriaROM.vhd                  ;         ;
; memoriaRAM.vhd                   ; yes             ; User VHDL File  ; C:/descomp/Proj_relogio/memoriaRAM.vhd                  ;         ;
; edgeDetector.vhd                 ; yes             ; User VHDL File  ; C:/descomp/Proj_relogio/edgeDetector.vhd                ;         ;
; decoder3x8.vhd                   ; yes             ; User VHDL File  ; C:/descomp/Proj_relogio/decoder3x8.vhd                  ;         ;
; conversorHex7Seg.vhd             ; yes             ; User VHDL File  ; C:/descomp/Proj_relogio/conversorHex7Seg.vhd            ;         ;
; displayHEX.vhd                   ; yes             ; User VHDL File  ; C:/descomp/Proj_relogio/displayHEX.vhd                  ;         ;
; buffer_3_state_1porta.vhd        ; yes             ; User VHDL File  ; C:/descomp/Proj_relogio/buffer_3_state_1porta.vhd       ;         ;
; buffer_3_state_8portas.vhd       ; yes             ; User VHDL File  ; C:/descomp/Proj_relogio/buffer_3_state_8portas.vhd      ;         ;
; debounceKey.vhd                  ; yes             ; User VHDL File  ; C:/descomp/Proj_relogio/debounceKey.vhd                 ;         ;
; output_files/ULASomaSubEND.vhd   ; yes             ; User VHDL File  ; C:/descomp/Proj_relogio/output_files/ULASomaSubEND.vhd  ;         ;
+----------------------------------+-----------------+-----------------+---------------------------------------------------------+---------+


+--------------------------------------------------------------+
; Analysis & Synthesis Resource Usage Summary                  ;
+---------------------------------------------+----------------+
; Resource                                    ; Usage          ;
+---------------------------------------------+----------------+
; Estimate of Logic utilization (ALMs needed) ; 543            ;
;                                             ;                ;
; Combinational ALUT usage for logic          ; 555            ;
;     -- 7 input functions                    ; 21             ;
;     -- 6 input functions                    ; 292            ;
;     -- 5 input functions                    ; 57             ;
;     -- 4 input functions                    ; 68             ;
;     -- <=3 input functions                  ; 117            ;
;                                             ;                ;
; Dedicated logic registers                   ; 668            ;
;                                             ;                ;
; I/O pins                                    ; 92             ;
;                                             ;                ;
; Total DSP Blocks                            ; 0              ;
;                                             ;                ;
; Maximum fan-out node                        ; CLOCK_50~input ;
; Maximum fan-out                             ; 666            ;
; Total fan-out                               ; 4931           ;
; Average fan-out                             ; 3.50           ;
+---------------------------------------------+----------------+


+--------------------------------------------------------------------------------------------------------------------------------------------------------------------------------------------------------------------------------------------------------------------------------+
; Analysis & Synthesis Resource Utilization by Entity                                                                                                                                                                                                                            ;
+--------------------------------------------------------+---------------------+---------------------------+-------------------+------------+------+--------------+-----------------------------------------------------------------+-----------------------------+--------------+
; Compilation Hierarchy Node                             ; Combinational ALUTs ; Dedicated Logic Registers ; Block Memory Bits ; DSP Blocks ; Pins ; Virtual Pins ; Full Hierarchy Name                                             ; Entity Name                 ; Library Name ;
+--------------------------------------------------------+---------------------+---------------------------+-------------------+------------+------+--------------+-----------------------------------------------------------------+-----------------------------+--------------+
; |relogio                                               ; 555 (28)            ; 668 (0)                   ; 0                 ; 0          ; 92   ; 0            ; |relogio                                                        ; relogio                     ; work         ;
;    |FlipFlop:FlipFlopLed8|                             ; 1 (1)               ; 1 (1)                     ; 0                 ; 0          ; 0    ; 0            ; |relogio|FlipFlop:FlipFlopLed8                                  ; FlipFlop                    ; work         ;
;    |FlipFlop:FlipFlopLed9|                             ; 1 (1)               ; 1 (1)                     ; 0                 ; 0          ; 0    ; 0            ; |relogio|FlipFlop:FlipFlopLed9                                  ; FlipFlop                    ; work         ;
;    |cpu:CPU|                                           ; 118 (0)             ; 118 (0)                   ; 0                 ; 0          ; 0    ; 0            ; |relogio|cpu:CPU                                                ; cpu                         ; work         ;
;       |FlipFlop:FlipFlopCLT|                           ; 2 (2)               ; 1 (1)                     ; 0                 ; 0          ; 0    ; 0            ; |relogio|cpu:CPU|FlipFlop:FlipFlopCLT                           ; FlipFlop                    ; work         ;
;       |FlipFlop:FlipFlop|                              ; 5 (5)               ; 1 (1)                     ; 0                 ; 0          ; 0    ; 0            ; |relogio|cpu:CPU|FlipFlop:FlipFlop                              ; FlipFlop                    ; work         ;
;       |ULA:ULA|                                        ; 25 (25)             ; 0 (0)                     ; 0                 ; 0          ; 0    ; 0            ; |relogio|cpu:CPU|ULA:ULA                                        ; ULA                         ; work         ;
;       |ULASomaSubEND:ULA_END|                          ; 2 (2)               ; 0 (0)                     ; 0                 ; 0          ; 0    ; 0            ; |relogio|cpu:CPU|ULASomaSubEND:ULA_END                          ; ULASomaSubEND               ; work         ;
;       |bancoRegistradoresArqRegMem:bancoRegistradores| ; 12 (12)             ; 32 (32)                   ; 0                 ; 0          ; 0    ; 0            ; |relogio|cpu:CPU|bancoRegistradoresArqRegMem:bancoRegistradores ; bancoRegistradoresArqRegMem ; work         ;
;       |decoderInstrucao:DECODER|                       ; 12 (12)             ; 0 (0)                     ; 0                 ; 0          ; 0    ; 0            ; |relogio|cpu:CPU|decoderInstrucao:DECODER                       ; decoderInstrucao            ; work         ;
;       |memoriaRAM:RAM_END|                             ; 18 (18)             ; 72 (72)                   ; 0                 ; 0          ; 0    ; 0            ; |relogio|cpu:CPU|memoriaRAM:RAM_END                             ; memoriaRAM                  ; work         ;
;       |muxGenerico2x1:MUX_CPU|                         ; 18 (18)             ; 0 (0)                     ; 0                 ; 0          ; 0    ; 0            ; |relogio|cpu:CPU|muxGenerico2x1:MUX_CPU                         ; muxGenerico2x1              ; work         ;
;       |muxGenerico2x1:MUX_END|                         ; 3 (3)               ; 0 (0)                     ; 0                 ; 0          ; 0    ; 0            ; |relogio|cpu:CPU|muxGenerico2x1:MUX_END                         ; muxGenerico2x1              ; work         ;
;       |muxGenerico4x1:MUX_ENDERECO|                    ; 11 (11)             ; 0 (0)                     ; 0                 ; 0          ; 0    ; 0            ; |relogio|cpu:CPU|muxGenerico4x1:MUX_ENDERECO                    ; muxGenerico4x1              ; work         ;
;       |registradorGenerico:PC|                         ; 0 (0)               ; 9 (9)                     ; 0                 ; 0          ; 0    ; 0            ; |relogio|cpu:CPU|registradorGenerico:PC                         ; registradorGenerico         ; work         ;
;       |registradorGenerico:REG_retorno|                ; 1 (1)               ; 3 (3)                     ; 0                 ; 0          ; 0    ; 0            ; |relogio|cpu:CPU|registradorGenerico:REG_retorno                ; registradorGenerico         ; work         ;
;       |somaConstante:incrementaPC|                     ; 9 (9)               ; 0 (0)                     ; 0                 ; 0          ; 0    ; 0            ; |relogio|cpu:CPU|somaConstante:incrementaPC                     ; somaConstante               ; work         ;
;    |debounceKey:KEY_0|                                 ; 2 (0)               ; 2 (0)                     ; 0                 ; 0          ; 0    ; 0            ; |relogio|debounceKey:KEY_0                                      ; debounceKey                 ; work         ;
;       |FlipFlop:FlipFlopKey|                           ; 0 (0)               ; 1 (1)                     ; 0                 ; 0          ; 0    ; 0            ; |relogio|debounceKey:KEY_0|FlipFlop:FlipFlopKey                 ; FlipFlop                    ; work         ;
;       |edgeDetector:detectorkey|                       ; 2 (2)               ; 1 (1)                     ; 0                 ; 0          ; 0    ; 0            ; |relogio|debounceKey:KEY_0|edgeDetector:detectorkey             ; edgeDetector                ; work         ;
;    |debounceKey:KEY_1|                                 ; 2 (0)               ; 2 (0)                     ; 0                 ; 0          ; 0    ; 0            ; |relogio|debounceKey:KEY_1                                      ; debounceKey                 ; work         ;
;       |FlipFlop:FlipFlopKey|                           ; 0 (0)               ; 1 (1)                     ; 0                 ; 0          ; 0    ; 0            ; |relogio|debounceKey:KEY_1|FlipFlop:FlipFlopKey                 ; FlipFlop                    ; work         ;
;       |edgeDetector:detectorkey|                       ; 2 (2)               ; 1 (1)                     ; 0                 ; 0          ; 0    ; 0            ; |relogio|debounceKey:KEY_1|edgeDetector:detectorkey             ; edgeDetector                ; work         ;
;    |displayHEX:HEX_0|                                  ; 7 (0)               ; 4 (0)                     ; 0                 ; 0          ; 0    ; 0            ; |relogio|displayHEX:HEX_0                                       ; displayHEX                  ; work         ;
;       |conversorHex7Seg:DECODER_HEX0|                  ; 7 (7)               ; 0 (0)                     ; 0                 ; 0          ; 0    ; 0            ; |relogio|displayHEX:HEX_0|conversorHex7Seg:DECODER_HEX0         ; conversorHex7Seg            ; work         ;
;       |registradorGenerico:REG_HEX0|                   ; 0 (0)               ; 4 (4)                     ; 0                 ; 0          ; 0    ; 0            ; |relogio|displayHEX:HEX_0|registradorGenerico:REG_HEX0          ; registradorGenerico         ; work         ;
;    |displayHEX:HEX_1|                                  ; 7 (0)               ; 4 (0)                     ; 0                 ; 0          ; 0    ; 0            ; |relogio|displayHEX:HEX_1                                       ; displayHEX                  ; work         ;
;       |conversorHex7Seg:DECODER_HEX0|                  ; 7 (7)               ; 0 (0)                     ; 0                 ; 0          ; 0    ; 0            ; |relogio|displayHEX:HEX_1|conversorHex7Seg:DECODER_HEX0         ; conversorHex7Seg            ; work         ;
;       |registradorGenerico:REG_HEX0|                   ; 0 (0)               ; 4 (4)                     ; 0                 ; 0          ; 0    ; 0            ; |relogio|displayHEX:HEX_1|registradorGenerico:REG_HEX0          ; registradorGenerico         ; work         ;
;    |displayHEX:HEX_2|                                  ; 7 (0)               ; 4 (0)                     ; 0                 ; 0          ; 0    ; 0            ; |relogio|displayHEX:HEX_2                                       ; displayHEX                  ; work         ;
;       |conversorHex7Seg:DECODER_HEX0|                  ; 7 (7)               ; 0 (0)                     ; 0                 ; 0          ; 0    ; 0            ; |relogio|displayHEX:HEX_2|conversorHex7Seg:DECODER_HEX0         ; conversorHex7Seg            ; work         ;
;       |registradorGenerico:REG_HEX0|                   ; 0 (0)               ; 4 (4)                     ; 0                 ; 0          ; 0    ; 0            ; |relogio|displayHEX:HEX_2|registradorGenerico:REG_HEX0          ; registradorGenerico         ; work         ;
;    |displayHEX:HEX_3|                                  ; 7 (0)               ; 4 (0)                     ; 0                 ; 0          ; 0    ; 0            ; |relogio|displayHEX:HEX_3                                       ; displayHEX                  ; work         ;
;       |conversorHex7Seg:DECODER_HEX0|                  ; 7 (7)               ; 0 (0)                     ; 0                 ; 0          ; 0    ; 0            ; |relogio|displayHEX:HEX_3|conversorHex7Seg:DECODER_HEX0         ; conversorHex7Seg            ; work         ;
;       |registradorGenerico:REG_HEX0|                   ; 0 (0)               ; 4 (4)                     ; 0                 ; 0          ; 0    ; 0            ; |relogio|displayHEX:HEX_3|registradorGenerico:REG_HEX0          ; registradorGenerico         ; work         ;
;    |displayHEX:HEX_4|                                  ; 7 (0)               ; 4 (0)                     ; 0                 ; 0          ; 0    ; 0            ; |relogio|displayHEX:HEX_4                                       ; displayHEX                  ; work         ;
;       |conversorHex7Seg:DECODER_HEX0|                  ; 7 (7)               ; 0 (0)                     ; 0                 ; 0          ; 0    ; 0            ; |relogio|displayHEX:HEX_4|conversorHex7Seg:DECODER_HEX0         ; conversorHex7Seg            ; work         ;
;       |registradorGenerico:REG_HEX0|                   ; 0 (0)               ; 4 (4)                     ; 0                 ; 0          ; 0    ; 0            ; |relogio|displayHEX:HEX_4|registradorGenerico:REG_HEX0          ; registradorGenerico         ; work         ;
;    |displayHEX:HEX_5|                                  ; 7 (0)               ; 4 (0)                     ; 0                 ; 0          ; 0    ; 0            ; |relogio|displayHEX:HEX_5                                       ; displayHEX                  ; work         ;
;       |conversorHex7Seg:DECODER_HEX0|                  ; 7 (7)               ; 0 (0)                     ; 0                 ; 0          ; 0    ; 0            ; |relogio|displayHEX:HEX_5|conversorHex7Seg:DECODER_HEX0         ; conversorHex7Seg            ; work         ;
;       |registradorGenerico:REG_HEX0|                   ; 0 (0)               ; 4 (4)                     ; 0                 ; 0          ; 0    ; 0            ; |relogio|displayHEX:HEX_5|registradorGenerico:REG_HEX0          ; registradorGenerico         ; work         ;
;    |memoriaRAM:RAM|                                    ; 299 (299)           ; 512 (512)                 ; 0                 ; 0          ; 0    ; 0            ; |relogio|memoriaRAM:RAM                                         ; memoriaRAM                  ; work         ;
;    |memoriaROM:ROM|                                    ; 62 (62)             ; 0 (0)                     ; 0                 ; 0          ; 0    ; 0            ; |relogio|memoriaROM:ROM                                         ; memoriaROM                  ; work         ;
;    |registradorGenerico:Registrador_LEDs|              ; 0 (0)               ; 8 (8)                     ; 0                 ; 0          ; 0    ; 0            ; |relogio|registradorGenerico:Registrador_LEDs                   ; registradorGenerico         ; work         ;
+--------------------------------------------------------+---------------------+---------------------------+-------------------+------------+------+--------------+-----------------------------------------------------------------+-----------------------------+--------------+
Note: For table entries with two numbers listed, the numbers in parentheses indicate the number of resources of the given type used by the specific entity alone. The numbers listed outside of parentheses indicate the total resources of the given type used by the specific entity and all of its sub-entities in the hierarchy.


+------------------------------------------------------+
; General Register Statistics                          ;
+----------------------------------------------+-------+
; Statistic                                    ; Value ;
+----------------------------------------------+-------+
; Total registers                              ; 668   ;
; Number of registers using Synchronous Clear  ; 0     ;
; Number of registers using Synchronous Load   ; 32    ;
; Number of registers using Asynchronous Clear ; 11    ;
; Number of registers using Asynchronous Load  ; 0     ;
; Number of registers using Clock Enable       ; 651   ;
; Number of registers using Preset             ; 0     ;
+----------------------------------------------+-------+


+---------------------------------------------------------------------------------------------------------------------------------------------------------------+
; Multiplexer Restructuring Statistics (Restructuring Performed)                                                                                                ;
+--------------------+-----------+---------------+----------------------+------------------------+------------+-------------------------------------------------+
; Multiplexer Inputs ; Bus Width ; Baseline Area ; Area if Restructured ; Saving if Restructured ; Registered ; Example Multiplexer Output                      ;
+--------------------+-----------+---------------+----------------------+------------------------+------------+-------------------------------------------------+
; 4:1                ; 9 bits    ; 18 LEs        ; 18 LEs               ; 0 LEs                  ; Yes        ; |relogio|cpu:CPU|registradorGenerico:PC|DOUT[2] ;
; 3:1                ; 8 bits    ; 16 LEs        ; 16 LEs               ; 0 LEs                  ; No         ; |relogio|cpu:CPU|ULA:ULA|Saida[2]               ;
+--------------------+-----------+---------------+----------------------+------------------------+------------+-------------------------------------------------+


+-------------------------------------------------------------------------+
; Parameter Settings for User Entity Instance: Top-level Entity: |relogio ;
+------------------+-------+----------------------------------------------+
; Parameter Name   ; Value ; Type                                         ;
+------------------+-------+----------------------------------------------+
; larguraDados     ; 8     ; Signed Integer                               ;
; larguraEnderecos ; 9     ; Signed Integer                               ;
; instrucao        ; 15    ; Signed Integer                               ;
; simulacao        ; false ; Enumerated                                   ;
+------------------+-------+----------------------------------------------+
Note: In order to hide this table in the UI and the text report file, please set the "Show Parameter Settings in Synthesis Report" option in "Analysis and Synthesis Settings -> More Settings" to "Off".


+-------------------------------------------------------------+
; Parameter Settings for User Entity Instance: memoriaROM:ROM ;
+----------------+-------+------------------------------------+
; Parameter Name ; Value ; Type                               ;
+----------------+-------+------------------------------------+
; datawidth      ; 15    ; Signed Integer                     ;
; addrwidth      ; 9     ; Signed Integer                     ;
+----------------+-------+------------------------------------+
Note: In order to hide this table in the UI and the text report file, please set the "Show Parameter Settings in Synthesis Report" option in "Analysis and Synthesis Settings -> More Settings" to "Off".


+-------------------------------------------------------------+
; Parameter Settings for User Entity Instance: memoriaRAM:RAM ;
+----------------+-------+------------------------------------+
; Parameter Name ; Value ; Type                               ;
+----------------+-------+------------------------------------+
; datawidth      ; 8     ; Signed Integer                     ;
; addrwidth      ; 6     ; Signed Integer                     ;
+----------------+-------+------------------------------------+
Note: In order to hide this table in the UI and the text report file, please set the "Show Parameter Settings in Synthesis Report" option in "Analysis and Synthesis Settings -> More Settings" to "Off".


+------------------------------------------------------+
; Parameter Settings for User Entity Instance: cpu:CPU ;
+------------------+-------+---------------------------+
; Parameter Name   ; Value ; Type                      ;
+------------------+-------+---------------------------+
; larguradados     ; 8     ; Signed Integer            ;
; larguraenderecos ; 9     ; Signed Integer            ;
; instrucao        ; 15    ; Signed Integer            ;
+------------------+-------+---------------------------+
Note: In order to hide this table in the UI and the text report file, please set the "Show Parameter Settings in Synthesis Report" option in "Analysis and Synthesis Settings -> More Settings" to "Off".


+-----------------------------------------------------------------------------------------------------+
; Parameter Settings for User Entity Instance: cpu:CPU|bancoRegistradoresArqRegMem:bancoRegistradores ;
+---------------------+-------+-----------------------------------------------------------------------+
; Parameter Name      ; Value ; Type                                                                  ;
+---------------------+-------+-----------------------------------------------------------------------+
; larguradados        ; 8     ; Signed Integer                                                        ;
; larguraendbancoregs ; 2     ; Signed Integer                                                        ;
+---------------------+-------+-----------------------------------------------------------------------+
Note: In order to hide this table in the UI and the text report file, please set the "Show Parameter Settings in Synthesis Report" option in "Analysis and Synthesis Settings -> More Settings" to "Off".


+--------------------------------------------------------------+
; Parameter Settings for User Entity Instance: cpu:CPU|ULA:ULA ;
+----------------+-------+-------------------------------------+
; Parameter Name ; Value ; Type                                ;
+----------------+-------+-------------------------------------+
; larguradados   ; 8     ; Signed Integer                      ;
; larguraselecao ; 3     ; Signed Integer                      ;
+----------------+-------+-------------------------------------+
Note: In order to hide this table in the UI and the text report file, please set the "Show Parameter Settings in Synthesis Report" option in "Analysis and Synthesis Settings -> More Settings" to "Off".


+-----------------------------------------------------------------------------+
; Parameter Settings for User Entity Instance: cpu:CPU|muxGenerico2x1:MUX_CPU ;
+----------------+-------+----------------------------------------------------+
; Parameter Name ; Value ; Type                                               ;
+----------------+-------+----------------------------------------------------+
; larguradados   ; 8     ; Signed Integer                                     ;
+----------------+-------+----------------------------------------------------+
Note: In order to hide this table in the UI and the text report file, please set the "Show Parameter Settings in Synthesis Report" option in "Analysis and Synthesis Settings -> More Settings" to "Off".


+----------------------------------------------------------------------------------+
; Parameter Settings for User Entity Instance: cpu:CPU|muxGenerico4x1:MUX_ENDERECO ;
+----------------+-------+---------------------------------------------------------+
; Parameter Name ; Value ; Type                                                    ;
+----------------+-------+---------------------------------------------------------+
; larguradados   ; 9     ; Signed Integer                                          ;
+----------------+-------+---------------------------------------------------------+
Note: In order to hide this table in the UI and the text report file, please set the "Show Parameter Settings in Synthesis Report" option in "Analysis and Synthesis Settings -> More Settings" to "Off".


+-----------------------------------------------------------------------------+
; Parameter Settings for User Entity Instance: cpu:CPU|registradorGenerico:PC ;
+----------------+-------+----------------------------------------------------+
; Parameter Name ; Value ; Type                                               ;
+----------------+-------+----------------------------------------------------+
; larguradados   ; 9     ; Signed Integer                                     ;
+----------------+-------+----------------------------------------------------+
Note: In order to hide this table in the UI and the text report file, please set the "Show Parameter Settings in Synthesis Report" option in "Analysis and Synthesis Settings -> More Settings" to "Off".


+---------------------------------------------------------------------------------+
; Parameter Settings for User Entity Instance: cpu:CPU|somaConstante:incrementaPC ;
+----------------+-------+--------------------------------------------------------+
; Parameter Name ; Value ; Type                                                   ;
+----------------+-------+--------------------------------------------------------+
; larguradados   ; 9     ; Signed Integer                                         ;
; constante      ; 1     ; Signed Integer                                         ;
+----------------+-------+--------------------------------------------------------+
Note: In order to hide this table in the UI and the text report file, please set the "Show Parameter Settings in Synthesis Report" option in "Analysis and Synthesis Settings -> More Settings" to "Off".


+-------------------------------------------------------------------------+
; Parameter Settings for User Entity Instance: cpu:CPU|memoriaRAM:RAM_END ;
+----------------+-------+------------------------------------------------+
; Parameter Name ; Value ; Type                                           ;
+----------------+-------+------------------------------------------------+
; datawidth      ; 9     ; Signed Integer                                 ;
; addrwidth      ; 3     ; Signed Integer                                 ;
+----------------+-------+------------------------------------------------+
Note: In order to hide this table in the UI and the text report file, please set the "Show Parameter Settings in Synthesis Report" option in "Analysis and Synthesis Settings -> More Settings" to "Off".


+-----------------------------------------------------------------------------+
; Parameter Settings for User Entity Instance: cpu:CPU|muxGenerico2x1:MUX_END ;
+----------------+-------+----------------------------------------------------+
; Parameter Name ; Value ; Type                                               ;
+----------------+-------+----------------------------------------------------+
; larguradados   ; 3     ; Signed Integer                                     ;
+----------------+-------+----------------------------------------------------+
Note: In order to hide this table in the UI and the text report file, please set the "Show Parameter Settings in Synthesis Report" option in "Analysis and Synthesis Settings -> More Settings" to "Off".


+----------------------------------------------------------------------------+
; Parameter Settings for User Entity Instance: cpu:CPU|ULASomaSubEND:ULA_END ;
+----------------+-------+---------------------------------------------------+
; Parameter Name ; Value ; Type                                              ;
+----------------+-------+---------------------------------------------------+
; larguradados   ; 3     ; Signed Integer                                    ;
+----------------+-------+---------------------------------------------------+
Note: In order to hide this table in the UI and the text report file, please set the "Show Parameter Settings in Synthesis Report" option in "Analysis and Synthesis Settings -> More Settings" to "Off".


+--------------------------------------------------------------------------------------+
; Parameter Settings for User Entity Instance: cpu:CPU|registradorGenerico:REG_retorno ;
+----------------+-------+-------------------------------------------------------------+
; Parameter Name ; Value ; Type                                                        ;
+----------------+-------+-------------------------------------------------------------+
; larguradados   ; 3     ; Signed Integer                                              ;
+----------------+-------+-------------------------------------------------------------+
Note: In order to hide this table in the UI and the text report file, please set the "Show Parameter Settings in Synthesis Report" option in "Analysis and Synthesis Settings -> More Settings" to "Off".


+-----------------------------------------------------------------------------------+
; Parameter Settings for User Entity Instance: registradorGenerico:Registrador_LEDs ;
+----------------+-------+----------------------------------------------------------+
; Parameter Name ; Value ; Type                                                     ;
+----------------+-------+----------------------------------------------------------+
; larguradados   ; 8     ; Signed Integer                                           ;
+----------------+-------+----------------------------------------------------------+
Note: In order to hide this table in the UI and the text report file, please set the "Show Parameter Settings in Synthesis Report" option in "Analysis and Synthesis Settings -> More Settings" to "Off".


+---------------------------------------------------------------+
; Parameter Settings for User Entity Instance: displayHEX:HEX_0 ;
+------------------+-------+------------------------------------+
; Parameter Name   ; Value ; Type                               ;
+------------------+-------+------------------------------------+
; larguradados     ; 4     ; Signed Integer                     ;
; larguraenderecos ; 9     ; Signed Integer                     ;
+------------------+-------+------------------------------------+
Note: In order to hide this table in the UI and the text report file, please set the "Show Parameter Settings in Synthesis Report" option in "Analysis and Synthesis Settings -> More Settings" to "Off".


+--------------------------------------------------------------------------------------------+
; Parameter Settings for User Entity Instance: displayHEX:HEX_0|registradorGenerico:REG_HEX0 ;
+----------------+-------+-------------------------------------------------------------------+
; Parameter Name ; Value ; Type                                                              ;
+----------------+-------+-------------------------------------------------------------------+
; larguradados   ; 4     ; Signed Integer                                                    ;
+----------------+-------+-------------------------------------------------------------------+
Note: In order to hide this table in the UI and the text report file, please set the "Show Parameter Settings in Synthesis Report" option in "Analysis and Synthesis Settings -> More Settings" to "Off".


+---------------------------------------------------------------+
; Parameter Settings for User Entity Instance: displayHEX:HEX_1 ;
+------------------+-------+------------------------------------+
; Parameter Name   ; Value ; Type                               ;
+------------------+-------+------------------------------------+
; larguradados     ; 4     ; Signed Integer                     ;
; larguraenderecos ; 9     ; Signed Integer                     ;
+------------------+-------+------------------------------------+
Note: In order to hide this table in the UI and the text report file, please set the "Show Parameter Settings in Synthesis Report" option in "Analysis and Synthesis Settings -> More Settings" to "Off".


+--------------------------------------------------------------------------------------------+
; Parameter Settings for User Entity Instance: displayHEX:HEX_1|registradorGenerico:REG_HEX0 ;
+----------------+-------+-------------------------------------------------------------------+
; Parameter Name ; Value ; Type                                                              ;
+----------------+-------+-------------------------------------------------------------------+
; larguradados   ; 4     ; Signed Integer                                                    ;
+----------------+-------+-------------------------------------------------------------------+
Note: In order to hide this table in the UI and the text report file, please set the "Show Parameter Settings in Synthesis Report" option in "Analysis and Synthesis Settings -> More Settings" to "Off".


+---------------------------------------------------------------+
; Parameter Settings for User Entity Instance: displayHEX:HEX_2 ;
+------------------+-------+------------------------------------+
; Parameter Name   ; Value ; Type                               ;
+------------------+-------+------------------------------------+
; larguradados     ; 4     ; Signed Integer                     ;
; larguraenderecos ; 9     ; Signed Integer                     ;
+------------------+-------+------------------------------------+
Note: In order to hide this table in the UI and the text report file, please set the "Show Parameter Settings in Synthesis Report" option in "Analysis and Synthesis Settings -> More Settings" to "Off".


+--------------------------------------------------------------------------------------------+
; Parameter Settings for User Entity Instance: displayHEX:HEX_2|registradorGenerico:REG_HEX0 ;
+----------------+-------+-------------------------------------------------------------------+
; Parameter Name ; Value ; Type                                                              ;
+----------------+-------+-------------------------------------------------------------------+
; larguradados   ; 4     ; Signed Integer                                                    ;
+----------------+-------+-------------------------------------------------------------------+
Note: In order to hide this table in the UI and the text report file, please set the "Show Parameter Settings in Synthesis Report" option in "Analysis and Synthesis Settings -> More Settings" to "Off".


+---------------------------------------------------------------+
; Parameter Settings for User Entity Instance: displayHEX:HEX_3 ;
+------------------+-------+------------------------------------+
; Parameter Name   ; Value ; Type                               ;
+------------------+-------+------------------------------------+
; larguradados     ; 4     ; Signed Integer                     ;
; larguraenderecos ; 9     ; Signed Integer                     ;
+------------------+-------+------------------------------------+
Note: In order to hide this table in the UI and the text report file, please set the "Show Parameter Settings in Synthesis Report" option in "Analysis and Synthesis Settings -> More Settings" to "Off".


+--------------------------------------------------------------------------------------------+
; Parameter Settings for User Entity Instance: displayHEX:HEX_3|registradorGenerico:REG_HEX0 ;
+----------------+-------+-------------------------------------------------------------------+
; Parameter Name ; Value ; Type                                                              ;
+----------------+-------+-------------------------------------------------------------------+
; larguradados   ; 4     ; Signed Integer                                                    ;
+----------------+-------+-------------------------------------------------------------------+
Note: In order to hide this table in the UI and the text report file, please set the "Show Parameter Settings in Synthesis Report" option in "Analysis and Synthesis Settings -> More Settings" to "Off".


+---------------------------------------------------------------+
; Parameter Settings for User Entity Instance: displayHEX:HEX_4 ;
+------------------+-------+------------------------------------+
; Parameter Name   ; Value ; Type                               ;
+------------------+-------+------------------------------------+
; larguradados     ; 4     ; Signed Integer                     ;
; larguraenderecos ; 9     ; Signed Integer                     ;
+------------------+-------+------------------------------------+
Note: In order to hide this table in the UI and the text report file, please set the "Show Parameter Settings in Synthesis Report" option in "Analysis and Synthesis Settings -> More Settings" to "Off".


+--------------------------------------------------------------------------------------------+
; Parameter Settings for User Entity Instance: displayHEX:HEX_4|registradorGenerico:REG_HEX0 ;
+----------------+-------+-------------------------------------------------------------------+
; Parameter Name ; Value ; Type                                                              ;
+----------------+-------+-------------------------------------------------------------------+
; larguradados   ; 4     ; Signed Integer                                                    ;
+----------------+-------+-------------------------------------------------------------------+
Note: In order to hide this table in the UI and the text report file, please set the "Show Parameter Settings in Synthesis Report" option in "Analysis and Synthesis Settings -> More Settings" to "Off".


+---------------------------------------------------------------+
; Parameter Settings for User Entity Instance: displayHEX:HEX_5 ;
+------------------+-------+------------------------------------+
; Parameter Name   ; Value ; Type                               ;
+------------------+-------+------------------------------------+
; larguradados     ; 4     ; Signed Integer                     ;
; larguraenderecos ; 9     ; Signed Integer                     ;
+------------------+-------+------------------------------------+
Note: In order to hide this table in the UI and the text report file, please set the "Show Parameter Settings in Synthesis Report" option in "Analysis and Synthesis Settings -> More Settings" to "Off".


+--------------------------------------------------------------------------------------------+
; Parameter Settings for User Entity Instance: displayHEX:HEX_5|registradorGenerico:REG_HEX0 ;
+----------------+-------+-------------------------------------------------------------------+
; Parameter Name ; Value ; Type                                                              ;
+----------------+-------+-------------------------------------------------------------------+
; larguradados   ; 4     ; Signed Integer                                                    ;
+----------------+-------+-------------------------------------------------------------------+
Note: In order to hide this table in the UI and the text report file, please set the "Show Parameter Settings in Synthesis Report" option in "Analysis and Synthesis Settings -> More Settings" to "Off".


+----------------------------------------------------------------+
; Parameter Settings for User Entity Instance: debounceKey:KEY_0 ;
+------------------+-------+-------------------------------------+
; Parameter Name   ; Value ; Type                                ;
+------------------+-------+-------------------------------------+
; larguradados     ; 8     ; Signed Integer                      ;
; larguraenderecos ; 9     ; Signed Integer                      ;
+------------------+-------+-------------------------------------+
Note: In order to hide this table in the UI and the text report file, please set the "Show Parameter Settings in Synthesis Report" option in "Analysis and Synthesis Settings -> More Settings" to "Off".


+----------------------------------------------------------------+
; Parameter Settings for User Entity Instance: debounceKey:KEY_1 ;
+------------------+-------+-------------------------------------+
; Parameter Name   ; Value ; Type                                ;
+------------------+-------+-------------------------------------+
; larguradados     ; 8     ; Signed Integer                      ;
; larguraenderecos ; 9     ; Signed Integer                      ;
+------------------+-------+-------------------------------------+
Note: In order to hide this table in the UI and the text report file, please set the "Show Parameter Settings in Synthesis Report" option in "Analysis and Synthesis Settings -> More Settings" to "Off".


+--------------------------------------------------------------------------------+
; Port Connectivity Checks: "debounceKey:KEY_0|buffer_3_state_8portas:BufferKEY" ;
+---------------+-------+----------+---------------------------------------------+
; Port          ; Type  ; Severity ; Details                                     ;
+---------------+-------+----------+---------------------------------------------+
; entrada[7..1] ; Input ; Info     ; Stuck at GND                                ;
+---------------+-------+----------+---------------------------------------------+


+--------------------------------------------------------------------+
; Port Connectivity Checks: "debounceKey:KEY_0|FlipFlop:FlipFlopKey" ;
+--------+-------+----------+----------------------------------------+
; Port   ; Type  ; Severity ; Details                                ;
+--------+-------+----------+----------------------------------------+
; din    ; Input ; Info     ; Stuck at VCC                           ;
; enable ; Input ; Info     ; Stuck at VCC                           ;
+--------+-------+----------+----------------------------------------+


+----------------------------------------------------------------------------+
; Port Connectivity Checks: "displayHEX:HEX_0|conversorHex7Seg:DECODER_HEX0" ;
+----------+-------+----------+----------------------------------------------+
; Port     ; Type  ; Severity ; Details                                      ;
+----------+-------+----------+----------------------------------------------+
; apaga    ; Input ; Info     ; Stuck at GND                                 ;
; negativo ; Input ; Info     ; Stuck at GND                                 ;
; overflow ; Input ; Info     ; Stuck at GND                                 ;
+----------+-------+----------+----------------------------------------------+


+---------------------------------------------------------------------------+
; Port Connectivity Checks: "displayHEX:HEX_0|registradorGenerico:REG_HEX0" ;
+------+-------+----------+-------------------------------------------------+
; Port ; Type  ; Severity ; Details                                         ;
+------+-------+----------+-------------------------------------------------+
; rst  ; Input ; Info     ; Stuck at GND                                    ;
+------+-------+----------+-------------------------------------------------+


+------------------------------------------------------------------+
; Port Connectivity Checks: "registradorGenerico:Registrador_LEDs" ;
+------+-------+----------+----------------------------------------+
; Port ; Type  ; Severity ; Details                                ;
+------+-------+----------+----------------------------------------+
; rst  ; Input ; Info     ; Stuck at GND                           ;
+------+-------+----------+----------------------------------------+


+---------------------------------------------------+
; Port Connectivity Checks: "FlipFlop:FlipFlopLed8" ;
+------+-------+----------+-------------------------+
; Port ; Type  ; Severity ; Details                 ;
+------+-------+----------+-------------------------+
; rst  ; Input ; Info     ; Stuck at GND            ;
+------+-------+----------+-------------------------+


+---------------------------------------------------+
; Port Connectivity Checks: "FlipFlop:FlipFlopLed9" ;
+------+-------+----------+-------------------------+
; Port ; Type  ; Severity ; Details                 ;
+------+-------+----------+-------------------------+
; rst  ; Input ; Info     ; Stuck at GND            ;
+------+-------+----------+-------------------------+


+-----------------------------------------------------------------------------------------------------------------------+
; Port Connectivity Checks: "decoder3x8:DecoderEnderecos"                                                               ;
+-------------+--------+----------+-------------------------------------------------------------------------------------+
; Port        ; Type   ; Severity ; Details                                                                             ;
+-------------+--------+----------+-------------------------------------------------------------------------------------+
; saida[7..6] ; Output ; Info     ; Connected to dangling logic. Logic that only feeds a dangling port will be removed. ;
+-------------+--------+----------+-------------------------------------------------------------------------------------+


+-----------------------------------------------------------------------------------------------------------------------+
; Port Connectivity Checks: "decoder3x8:DecoderBlocoRAM"                                                                ;
+-------------+--------+----------+-------------------------------------------------------------------------------------+
; Port        ; Type   ; Severity ; Details                                                                             ;
+-------------+--------+----------+-------------------------------------------------------------------------------------+
; saida[7..6] ; Output ; Info     ; Connected to dangling logic. Logic that only feeds a dangling port will be removed. ;
; saida[3..1] ; Output ; Info     ; Connected to dangling logic. Logic that only feeds a dangling port will be removed. ;
+-------------+--------+----------+-------------------------------------------------------------------------------------+


+---------------------------------------------------------------------+
; Port Connectivity Checks: "cpu:CPU|registradorGenerico:REG_retorno" ;
+------+-------+----------+-------------------------------------------+
; Port ; Type  ; Severity ; Details                                   ;
+------+-------+----------+-------------------------------------------+
; rst  ; Input ; Info     ; Stuck at GND                              ;
+------+-------+----------+-------------------------------------------+


+-----------------------------------------------------------+
; Port Connectivity Checks: "cpu:CPU|ULASomaSubEND:ULA_END" ;
+----------------+-------+----------+-----------------------+
; Port           ; Type  ; Severity ; Details               ;
+----------------+-------+----------+-----------------------+
; entradab[2..1] ; Input ; Info     ; Stuck at GND          ;
; entradab[0]    ; Input ; Info     ; Stuck at VCC          ;
+----------------+-------+----------+-----------------------+


+--------------------------------------------------------+
; Port Connectivity Checks: "cpu:CPU|memoriaRAM:RAM_END" ;
+----------+-------+----------+--------------------------+
; Port     ; Type  ; Severity ; Details                  ;
+----------+-------+----------+--------------------------+
; habilita ; Input ; Info     ; Stuck at VCC             ;
+----------+-------+----------+--------------------------+


+------------------------------------------------------------+
; Port Connectivity Checks: "cpu:CPU|registradorGenerico:PC" ;
+--------+-------+----------+--------------------------------+
; Port   ; Type  ; Severity ; Details                        ;
+--------+-------+----------+--------------------------------+
; enable ; Input ; Info     ; Stuck at VCC                   ;
+--------+-------+----------+--------------------------------+


+-----------------------------------------------------------------+
; Port Connectivity Checks: "cpu:CPU|muxGenerico4x1:MUX_ENDERECO" ;
+--------------+-------+----------+-------------------------------+
; Port         ; Type  ; Severity ; Details                       ;
+--------------+-------+----------+-------------------------------+
; entradad_mux ; Input ; Info     ; Stuck at GND                  ;
+--------------+-------+----------+-------------------------------+


+----------------------------------------------------------+
; Port Connectivity Checks: "cpu:CPU|FlipFlop:FlipFlopCLT" ;
+------+-------+----------+--------------------------------+
; Port ; Type  ; Severity ; Details                        ;
+------+-------+----------+--------------------------------+
; rst  ; Input ; Info     ; Stuck at GND                   ;
+------+-------+----------+--------------------------------+


+-------------------------------------------------------+
; Port Connectivity Checks: "cpu:CPU|FlipFlop:FlipFlop" ;
+------+-------+----------+-----------------------------+
; Port ; Type  ; Severity ; Details                     ;
+------+-------+----------+-----------------------------+
; rst  ; Input ; Info     ; Stuck at GND                ;
+------+-------+----------+-----------------------------+


+-----------------------------------------------------------------------------------------------------------------------------+
; Port Connectivity Checks: "cpu:CPU"                                                                                         ;
+-------------------+--------+----------+-------------------------------------------------------------------------------------+
; Port              ; Type   ; Severity ; Details                                                                             ;
+-------------------+--------+----------+-------------------------------------------------------------------------------------+
; saida_pc_toplevel ; Output ; Info     ; Connected to dangling logic. Logic that only feeds a dangling port will be removed. ;
+-------------------+--------+----------+-------------------------------------------------------------------------------------+


+-----------------------------------------------------+
; Post-Synthesis Netlist Statistics for Top Partition ;
+-----------------------+-----------------------------+
; Type                  ; Count                       ;
+-----------------------+-----------------------------+
; arriav_ff             ; 668                         ;
;     CLR               ; 11                          ;
;     ENA               ; 619                         ;
;     ENA SLD           ; 32                          ;
;     plain             ; 6                           ;
; arriav_lcell_comb     ; 556                         ;
;     arith             ; 18                          ;
;         1 data inputs ; 9                           ;
;         4 data inputs ; 1                           ;
;         5 data inputs ; 8                           ;
;     extend            ; 21                          ;
;         7 data inputs ; 21                          ;
;     normal            ; 517                         ;
;         0 data inputs ; 1                           ;
;         1 data inputs ; 3                           ;
;         2 data inputs ; 87                          ;
;         3 data inputs ; 18                          ;
;         4 data inputs ; 67                          ;
;         5 data inputs ; 49                          ;
;         6 data inputs ; 292                         ;
; boundary_port         ; 92                          ;
;                       ;                             ;
; Max LUT depth         ; 10.70                       ;
; Average LUT depth     ; 6.85                        ;
+-----------------------+-----------------------------+


+-------------------------------+
; Elapsed Time Per Partition    ;
+----------------+--------------+
; Partition Name ; Elapsed Time ;
+----------------+--------------+
; Top            ; 00:00:01     ;
+----------------+--------------+


+-------------------------------+
; Analysis & Synthesis Messages ;
+-------------------------------+
Info: *******************************************************************
Info: Running Quartus Prime Analysis & Synthesis
    Info: Version 20.1.0 Build 711 06/05/2020 SJ Lite Edition
    Info: Processing started: Sun Oct 29 11:28:11 2023
Info: Command: quartus_map --read_settings_files=on --write_settings_files=off relogio -c relogio
Info (20030): Parallel compilation is enabled and will use 4 of the 4 processors detected
Info (12021): Found 2 design units, including 1 entities, in source file relogio.vhd
    Info (12022): Found design unit 1: relogio-arquitetura File: C:/descomp/Proj_relogio/relogio.vhd Line: 29
    Info (12023): Found entity 1: relogio File: C:/descomp/Proj_relogio/relogio.vhd Line: 4
Info (12021): Found 2 design units, including 1 entities, in source file cpu.vhd
    Info (12022): Found design unit 1: cpu-arquitetura File: C:/descomp/Proj_relogio/cpu.vhd Line: 26
    Info (12023): Found entity 1: cpu File: C:/descomp/Proj_relogio/cpu.vhd Line: 4
Info (12021): Found 2 design units, including 1 entities, in source file bancoregistradoresarqregmem.vhd
    Info (12022): Found design unit 1: bancoRegistradoresArqRegMem-comportamento File: C:/descomp/Proj_relogio/bancoRegistradoresArqRegMem.vhd Line: 23
    Info (12023): Found entity 1: bancoRegistradoresArqRegMem File: C:/descomp/Proj_relogio/bancoRegistradoresArqRegMem.vhd Line: 5
Info (12021): Found 2 design units, including 1 entities, in source file ula.vhd
    Info (12022): Found design unit 1: ULA-comportamento File: C:/descomp/Proj_relogio/ULA.vhd Line: 17
    Info (12023): Found entity 1: ULA File: C:/descomp/Proj_relogio/ULA.vhd Line: 5
Info (12021): Found 2 design units, including 1 entities, in source file registradorgenerico.vhd
    Info (12022): Found design unit 1: registradorGenerico-comportamento File: C:/descomp/Proj_relogio/registradorGenerico.vhd Line: 15
    Info (12023): Found entity 1: registradorGenerico File: C:/descomp/Proj_relogio/registradorGenerico.vhd Line: 4
Info (12021): Found 2 design units, including 1 entities, in source file flipflop.vhd
    Info (12022): Found design unit 1: FlipFlop-comportamento File: C:/descomp/Proj_relogio/FlipFlop.vhd Line: 12
    Info (12023): Found entity 1: FlipFlop File: C:/descomp/Proj_relogio/FlipFlop.vhd Line: 4
Info (12021): Found 2 design units, including 1 entities, in source file mux2x1.vhd
    Info (12022): Found design unit 1: muxGenerico2x1-comportamento File: C:/descomp/Proj_relogio/MUX2X1.vhd Line: 14
    Info (12023): Found entity 1: muxGenerico2x1 File: C:/descomp/Proj_relogio/MUX2X1.vhd Line: 4
Info (12021): Found 2 design units, including 1 entities, in source file muxgenerico4x1.vhd
    Info (12022): Found design unit 1: muxGenerico4x1-comportamento File: C:/descomp/Proj_relogio/muxGenerico4x1.vhd Line: 14
    Info (12023): Found entity 1: muxGenerico4x1 File: C:/descomp/Proj_relogio/muxGenerico4x1.vhd Line: 4
Info (12021): Found 2 design units, including 1 entities, in source file somaconstante.vhd
    Info (12022): Found design unit 1: somaConstante-comportamento File: C:/descomp/Proj_relogio/somaConstante.vhd Line: 18
    Info (12023): Found entity 1: somaConstante File: C:/descomp/Proj_relogio/somaConstante.vhd Line: 5
Info (12021): Found 2 design units, including 1 entities, in source file logicadesvio1.vhd
    Info (12022): Found design unit 1: LogicaDesvio1-comportamento File: C:/descomp/Proj_relogio/LogicaDesvio1.vhd Line: 16
    Info (12023): Found entity 1: LogicaDesvio1 File: C:/descomp/Proj_relogio/LogicaDesvio1.vhd Line: 4
Info (12021): Found 2 design units, including 1 entities, in source file decoderinstrucao.vhd
    Info (12022): Found design unit 1: decoderInstrucao-comportamento File: C:/descomp/Proj_relogio/decoderInstrucao.vhd Line: 10
    Info (12023): Found entity 1: decoderInstrucao File: C:/descomp/Proj_relogio/decoderInstrucao.vhd Line: 4
Info (12021): Found 2 design units, including 1 entities, in source file memoriarom.vhd
    Info (12022): Found design unit 1: memoriaROM-assincrona File: C:/descomp/Proj_relogio/memoriaROM.vhd Line: 16
    Info (12023): Found entity 1: memoriaROM File: C:/descomp/Proj_relogio/memoriaROM.vhd Line: 5
Info (12021): Found 2 design units, including 1 entities, in source file memoriaram.vhd
    Info (12022): Found design unit 1: memoriaRAM-rtl File: C:/descomp/Proj_relogio/memoriaRAM.vhd Line: 21
    Info (12023): Found entity 1: memoriaRAM File: C:/descomp/Proj_relogio/memoriaRAM.vhd Line: 5
Info (12021): Found 3 design units, including 1 entities, in source file edgedetector.vhd
    Info (12022): Found design unit 1: edgeDetector-bordaSubida File: C:/descomp/Proj_relogio/edgeDetector.vhd Line: 10
    Info (12022): Found design unit 2: edgeDetector-bordaDescida File: C:/descomp/Proj_relogio/edgeDetector.vhd Line: 23
    Info (12023): Found entity 1: edgeDetector File: C:/descomp/Proj_relogio/edgeDetector.vhd Line: 4
Info (12021): Found 2 design units, including 1 entities, in source file decoder3x8.vhd
    Info (12022): Found design unit 1: decoder3x8-comportamento File: C:/descomp/Proj_relogio/decoder3x8.vhd Line: 10
    Info (12023): Found entity 1: decoder3x8 File: C:/descomp/Proj_relogio/decoder3x8.vhd Line: 4
Info (12021): Found 2 design units, including 1 entities, in source file conversorhex7seg.vhd
    Info (12022): Found design unit 1: conversorHex7Seg-comportamento File: C:/descomp/Proj_relogio/conversorHex7Seg.vhd Line: 17
    Info (12023): Found entity 1: conversorHex7Seg File: C:/descomp/Proj_relogio/conversorHex7Seg.vhd Line: 4
Info (12021): Found 2 design units, including 1 entities, in source file displayhex.vhd
    Info (12022): Found design unit 1: displayHEX-arquitetura File: C:/descomp/Proj_relogio/displayHEX.vhd Line: 20
    Info (12023): Found entity 1: displayHEX File: C:/descomp/Proj_relogio/displayHEX.vhd Line: 4
Info (12021): Found 2 design units, including 1 entities, in source file buffer_3_state_1porta.vhd
    Info (12022): Found design unit 1: buffer_3_state_1porta-comportamento File: C:/descomp/Proj_relogio/buffer_3_state_1porta.vhd Line: 11
    Info (12023): Found entity 1: buffer_3_state_1porta File: C:/descomp/Proj_relogio/buffer_3_state_1porta.vhd Line: 4
Info (12021): Found 2 design units, including 1 entities, in source file buffer_3_state_8portas.vhd
    Info (12022): Found design unit 1: buffer_3_state_8portas-comportamento File: C:/descomp/Proj_relogio/buffer_3_state_8portas.vhd Line: 11
    Info (12023): Found entity 1: buffer_3_state_8portas File: C:/descomp/Proj_relogio/buffer_3_state_8portas.vhd Line: 4
Info (12021): Found 2 design units, including 1 entities, in source file debouncekey.vhd
    Info (12022): Found design unit 1: debounceKey-arquitetura File: C:/descomp/Proj_relogio/debounceKey.vhd Line: 21
    Info (12023): Found entity 1: debounceKey File: C:/descomp/Proj_relogio/debounceKey.vhd Line: 4
Info (12021): Found 2 design units, including 1 entities, in source file output_files/ulasomasubend.vhd
    Info (12022): Found design unit 1: ULASomaSubEND-comportamento File: C:/descomp/Proj_relogio/output_files/ULASomaSubEND.vhd Line: 14
    Info (12023): Found entity 1: ULASomaSubEND File: C:/descomp/Proj_relogio/output_files/ULASomaSubEND.vhd Line: 5
Info (12127): Elaborating entity "relogio" for the top level hierarchy
Warning (10541): VHDL Signal Declaration warning at relogio.vhd(44): used implicit default value for signal "program_counter" because signal was never assigned a value or an explicit default value. Use of implicit default value may introduce unintended design optimizations. File: C:/descomp/Proj_relogio/relogio.vhd Line: 44
Info (12128): Elaborating entity "memoriaROM" for hierarchy "memoriaROM:ROM" File: C:/descomp/Proj_relogio/relogio.vhd Line: 109
Info (12128): Elaborating entity "memoriaRAM" for hierarchy "memoriaRAM:RAM" File: C:/descomp/Proj_relogio/relogio.vhd Line: 113
Info (12128): Elaborating entity "cpu" for hierarchy "cpu:CPU" File: C:/descomp/Proj_relogio/relogio.vhd Line: 123
Warning (10541): VHDL Signal Declaration warning at cpu.vhd(21): used implicit default value for signal "Saida_PC_topLevel" because signal was never assigned a value or an explicit default value. Use of implicit default value may introduce unintended design optimizations. File: C:/descomp/Proj_relogio/cpu.vhd Line: 21
Info (12128): Elaborating entity "bancoRegistradoresArqRegMem" for hierarchy "cpu:CPU|bancoRegistradoresArqRegMem:bancoRegistradores" File: C:/descomp/Proj_relogio/cpu.vhd Line: 88
Info (12128): Elaborating entity "ULA" for hierarchy "cpu:CPU|ULA:ULA" File: C:/descomp/Proj_relogio/cpu.vhd Line: 96
Info (10041): Inferred latch for "Saida[0]" at ULA.vhd(29) File: C:/descomp/Proj_relogio/ULA.vhd Line: 29
Info (10041): Inferred latch for "Saida[1]" at ULA.vhd(29) File: C:/descomp/Proj_relogio/ULA.vhd Line: 29
Info (10041): Inferred latch for "Saida[2]" at ULA.vhd(29) File: C:/descomp/Proj_relogio/ULA.vhd Line: 29
Info (10041): Inferred latch for "Saida[3]" at ULA.vhd(29) File: C:/descomp/Proj_relogio/ULA.vhd Line: 29
Info (10041): Inferred latch for "Saida[4]" at ULA.vhd(29) File: C:/descomp/Proj_relogio/ULA.vhd Line: 29
Info (10041): Inferred latch for "Saida[5]" at ULA.vhd(29) File: C:/descomp/Proj_relogio/ULA.vhd Line: 29
Info (10041): Inferred latch for "Saida[6]" at ULA.vhd(29) File: C:/descomp/Proj_relogio/ULA.vhd Line: 29
Info (10041): Inferred latch for "Saida[7]" at ULA.vhd(29) File: C:/descomp/Proj_relogio/ULA.vhd Line: 29
Info (12128): Elaborating entity "FlipFlop" for hierarchy "cpu:CPU|FlipFlop:FlipFlop" File: C:/descomp/Proj_relogio/cpu.vhd Line: 105
Info (12128): Elaborating entity "muxGenerico2x1" for hierarchy "cpu:CPU|muxGenerico2x1:MUX_CPU" File: C:/descomp/Proj_relogio/cpu.vhd Line: 120
Info (12128): Elaborating entity "muxGenerico4x1" for hierarchy "cpu:CPU|muxGenerico4x1:MUX_ENDERECO" File: C:/descomp/Proj_relogio/cpu.vhd Line: 127
Info (10041): Inferred latch for "saida_MUX[0]" at muxGenerico4x1.vhd(16) File: C:/descomp/Proj_relogio/muxGenerico4x1.vhd Line: 16
Info (10041): Inferred latch for "saida_MUX[1]" at muxGenerico4x1.vhd(16) File: C:/descomp/Proj_relogio/muxGenerico4x1.vhd Line: 16
Info (10041): Inferred latch for "saida_MUX[2]" at muxGenerico4x1.vhd(16) File: C:/descomp/Proj_relogio/muxGenerico4x1.vhd Line: 16
Info (10041): Inferred latch for "saida_MUX[3]" at muxGenerico4x1.vhd(16) File: C:/descomp/Proj_relogio/muxGenerico4x1.vhd Line: 16
Info (10041): Inferred latch for "saida_MUX[4]" at muxGenerico4x1.vhd(16) File: C:/descomp/Proj_relogio/muxGenerico4x1.vhd Line: 16
Info (10041): Inferred latch for "saida_MUX[5]" at muxGenerico4x1.vhd(16) File: C:/descomp/Proj_relogio/muxGenerico4x1.vhd Line: 16
Info (10041): Inferred latch for "saida_MUX[6]" at muxGenerico4x1.vhd(16) File: C:/descomp/Proj_relogio/muxGenerico4x1.vhd Line: 16
Info (10041): Inferred latch for "saida_MUX[7]" at muxGenerico4x1.vhd(16) File: C:/descomp/Proj_relogio/muxGenerico4x1.vhd Line: 16
Info (10041): Inferred latch for "saida_MUX[8]" at muxGenerico4x1.vhd(16) File: C:/descomp/Proj_relogio/muxGenerico4x1.vhd Line: 16
Info (12128): Elaborating entity "registradorGenerico" for hierarchy "cpu:CPU|registradorGenerico:PC" File: C:/descomp/Proj_relogio/cpu.vhd Line: 136
Info (12128): Elaborating entity "somaConstante" for hierarchy "cpu:CPU|somaConstante:incrementaPC" File: C:/descomp/Proj_relogio/cpu.vhd Line: 143
Info (12128): Elaborating entity "memoriaRAM" for hierarchy "cpu:CPU|memoriaRAM:RAM_END" File: C:/descomp/Proj_relogio/cpu.vhd Line: 151
Info (12128): Elaborating entity "muxGenerico2x1" for hierarchy "cpu:CPU|muxGenerico2x1:MUX_END" File: C:/descomp/Proj_relogio/cpu.vhd Line: 160
Info (12128): Elaborating entity "ULASomaSubEND" for hierarchy "cpu:CPU|ULASomaSubEND:ULA_END" File: C:/descomp/Proj_relogio/cpu.vhd Line: 166
Info (12128): Elaborating entity "registradorGenerico" for hierarchy "cpu:CPU|registradorGenerico:REG_retorno" File: C:/descomp/Proj_relogio/cpu.vhd Line: 172
Info (12128): Elaborating entity "LogicaDesvio1" for hierarchy "cpu:CPU|LogicaDesvio1:LogicaDesvio1" File: C:/descomp/Proj_relogio/cpu.vhd Line: 181
Info (12128): Elaborating entity "decoderInstrucao" for hierarchy "cpu:CPU|decoderInstrucao:DECODER" File: C:/descomp/Proj_relogio/cpu.vhd Line: 191
Info (12128): Elaborating entity "decoder3x8" for hierarchy "decoder3x8:DecoderBlocoRAM" File: C:/descomp/Proj_relogio/relogio.vhd Line: 135
Info (12128): Elaborating entity "registradorGenerico" for hierarchy "registradorGenerico:Registrador_LEDs" File: C:/descomp/Proj_relogio/relogio.vhd Line: 156
Info (12128): Elaborating entity "displayHEX" for hierarchy "displayHEX:HEX_0" File: C:/descomp/Proj_relogio/relogio.vhd Line: 162
Info (12128): Elaborating entity "registradorGenerico" for hierarchy "displayHEX:HEX_0|registradorGenerico:REG_HEX0" File: C:/descomp/Proj_relogio/displayHEX.vhd Line: 30
Info (12128): Elaborating entity "conversorHex7Seg" for hierarchy "displayHEX:HEX_0|conversorHex7Seg:DECODER_HEX0" File: C:/descomp/Proj_relogio/displayHEX.vhd Line: 37
Info (12128): Elaborating entity "buffer_3_state_8portas" for hierarchy "buffer_3_state_8portas:BufferSW0a7" File: C:/descomp/Proj_relogio/relogio.vhd Line: 193
Info (12128): Elaborating entity "buffer_3_state_1porta" for hierarchy "buffer_3_state_1porta:BufferSW8" File: C:/descomp/Proj_relogio/relogio.vhd Line: 198
Info (12128): Elaborating entity "debounceKey" for hierarchy "debounceKey:KEY_0" File: C:/descomp/Proj_relogio/relogio.vhd Line: 227
Info (12129): Elaborating entity "edgeDetector" using architecture "A:bordasubida" for hierarchy "debounceKey:KEY_0|edgeDetector:detectorkey" File: C:/descomp/Proj_relogio/debounceKey.vhd Line: 30
Info (276014): Found 3 instances of uninferred RAM logic
    Info (276007): RAM logic "cpu:CPU|memoriaRAM:RAM_END|ram" is uninferred due to asynchronous read logic File: C:/descomp/Proj_relogio/memoriaRAM.vhd Line: 27
    Info (276004): RAM logic "cpu:CPU|bancoRegistradoresArqRegMem:bancoRegistradores|registrador" is uninferred due to inappropriate RAM size File: C:/descomp/Proj_relogio/bancoRegistradoresArqRegMem.vhd Line: 29
    Info (276007): RAM logic "memoriaRAM:RAM|ram" is uninferred due to asynchronous read logic File: C:/descomp/Proj_relogio/memoriaRAM.vhd Line: 27
Warning (13046): Tri-state node(s) do not directly drive top-level pin(s)
    Warning (13048): Converted tri-state node "entrada_dados_cpu[7]" into a selector File: C:/descomp/Proj_relogio/MUX2X1.vhd Line: 10
    Warning (13048): Converted tri-state node "entrada_dados_cpu[6]" into a selector File: C:/descomp/Proj_relogio/MUX2X1.vhd Line: 10
    Warning (13048): Converted tri-state node "entrada_dados_cpu[5]" into a selector File: C:/descomp/Proj_relogio/MUX2X1.vhd Line: 10
    Warning (13048): Converted tri-state node "entrada_dados_cpu[4]" into a selector File: C:/descomp/Proj_relogio/MUX2X1.vhd Line: 10
    Warning (13048): Converted tri-state node "entrada_dados_cpu[3]" into a selector File: C:/descomp/Proj_relogio/MUX2X1.vhd Line: 10
    Warning (13048): Converted tri-state node "entrada_dados_cpu[2]" into a selector File: C:/descomp/Proj_relogio/MUX2X1.vhd Line: 10
    Warning (13048): Converted tri-state node "entrada_dados_cpu[1]" into a selector File: C:/descomp/Proj_relogio/MUX2X1.vhd Line: 10
    Warning (13048): Converted tri-state node "entrada_dados_cpu[0]" into a selector File: C:/descomp/Proj_relogio/MUX2X1.vhd Line: 10
    Warning (13049): Converted tri-state buffer "cpu:CPU|memoriaRAM:RAM_END|dado_out[0]" feeding internal logic into a wire File: C:/descomp/Proj_relogio/memoriaRAM.vhd Line: 17
    Warning (13049): Converted tri-state buffer "cpu:CPU|memoriaRAM:RAM_END|dado_out[1]" feeding internal logic into a wire File: C:/descomp/Proj_relogio/memoriaRAM.vhd Line: 17
    Warning (13049): Converted tri-state buffer "cpu:CPU|memoriaRAM:RAM_END|dado_out[2]" feeding internal logic into a wire File: C:/descomp/Proj_relogio/memoriaRAM.vhd Line: 17
    Warning (13049): Converted tri-state buffer "cpu:CPU|memoriaRAM:RAM_END|dado_out[3]" feeding internal logic into a wire File: C:/descomp/Proj_relogio/memoriaRAM.vhd Line: 17
    Warning (13049): Converted tri-state buffer "cpu:CPU|memoriaRAM:RAM_END|dado_out[4]" feeding internal logic into a wire File: C:/descomp/Proj_relogio/memoriaRAM.vhd Line: 17
    Warning (13049): Converted tri-state buffer "cpu:CPU|memoriaRAM:RAM_END|dado_out[5]" feeding internal logic into a wire File: C:/descomp/Proj_relogio/memoriaRAM.vhd Line: 17
    Warning (13049): Converted tri-state buffer "cpu:CPU|memoriaRAM:RAM_END|dado_out[6]" feeding internal logic into a wire File: C:/descomp/Proj_relogio/memoriaRAM.vhd Line: 17
    Warning (13049): Converted tri-state buffer "cpu:CPU|memoriaRAM:RAM_END|dado_out[7]" feeding internal logic into a wire File: C:/descomp/Proj_relogio/memoriaRAM.vhd Line: 17
    Warning (13049): Converted tri-state buffer "cpu:CPU|memoriaRAM:RAM_END|dado_out[8]" feeding internal logic into a wire File: C:/descomp/Proj_relogio/memoriaRAM.vhd Line: 17
Warning (14026): LATCH primitive "cpu:CPU|muxGenerico4x1:MUX_ENDERECO|saida_MUX[0]" is permanently enabled File: C:/descomp/Proj_relogio/muxGenerico4x1.vhd Line: 16
Warning (14026): LATCH primitive "cpu:CPU|muxGenerico4x1:MUX_ENDERECO|saida_MUX[1]" is permanently enabled File: C:/descomp/Proj_relogio/muxGenerico4x1.vhd Line: 16
Warning (14026): LATCH primitive "cpu:CPU|muxGenerico4x1:MUX_ENDERECO|saida_MUX[2]" is permanently enabled File: C:/descomp/Proj_relogio/muxGenerico4x1.vhd Line: 16
Warning (14026): LATCH primitive "cpu:CPU|muxGenerico4x1:MUX_ENDERECO|saida_MUX[3]" is permanently enabled File: C:/descomp/Proj_relogio/muxGenerico4x1.vhd Line: 16
Warning (14026): LATCH primitive "cpu:CPU|muxGenerico4x1:MUX_ENDERECO|saida_MUX[4]" is permanently enabled File: C:/descomp/Proj_relogio/muxGenerico4x1.vhd Line: 16
Warning (14026): LATCH primitive "cpu:CPU|muxGenerico4x1:MUX_ENDERECO|saida_MUX[5]" is permanently enabled File: C:/descomp/Proj_relogio/muxGenerico4x1.vhd Line: 16
Warning (14026): LATCH primitive "cpu:CPU|muxGenerico4x1:MUX_ENDERECO|saida_MUX[6]" is permanently enabled File: C:/descomp/Proj_relogio/muxGenerico4x1.vhd Line: 16
Warning (14026): LATCH primitive "cpu:CPU|muxGenerico4x1:MUX_ENDERECO|saida_MUX[7]" is permanently enabled File: C:/descomp/Proj_relogio/muxGenerico4x1.vhd Line: 16
Warning (14026): LATCH primitive "cpu:CPU|muxGenerico4x1:MUX_ENDERECO|saida_MUX[8]" is permanently enabled File: C:/descomp/Proj_relogio/muxGenerico4x1.vhd Line: 16
Warning (14026): LATCH primitive "cpu:CPU|ULA:ULA|Saida[0]" is permanently enabled File: C:/descomp/Proj_relogio/ULA.vhd Line: 29
Warning (14026): LATCH primitive "cpu:CPU|ULA:ULA|Saida[1]" is permanently enabled File: C:/descomp/Proj_relogio/ULA.vhd Line: 29
Warning (14026): LATCH primitive "cpu:CPU|ULA:ULA|Saida[2]" is permanently enabled File: C:/descomp/Proj_relogio/ULA.vhd Line: 29
Warning (14026): LATCH primitive "cpu:CPU|ULA:ULA|Saida[3]" is permanently enabled File: C:/descomp/Proj_relogio/ULA.vhd Line: 29
Warning (14026): LATCH primitive "cpu:CPU|ULA:ULA|Saida[4]" is permanently enabled File: C:/descomp/Proj_relogio/ULA.vhd Line: 29
Warning (14026): LATCH primitive "cpu:CPU|ULA:ULA|Saida[5]" is permanently enabled File: C:/descomp/Proj_relogio/ULA.vhd Line: 29
Warning (14026): LATCH primitive "cpu:CPU|ULA:ULA|Saida[6]" is permanently enabled File: C:/descomp/Proj_relogio/ULA.vhd Line: 29
Warning (14026): LATCH primitive "cpu:CPU|ULA:ULA|Saida[7]" is permanently enabled File: C:/descomp/Proj_relogio/ULA.vhd Line: 29
Warning (13024): Output pins are stuck at VCC or GND
    Warning (13410): Pin "ProgramCounter[0]" is stuck at GND File: C:/descomp/Proj_relogio/relogio.vhd Line: 17
    Warning (13410): Pin "ProgramCounter[1]" is stuck at GND File: C:/descomp/Proj_relogio/relogio.vhd Line: 17
    Warning (13410): Pin "ProgramCounter[2]" is stuck at GND File: C:/descomp/Proj_relogio/relogio.vhd Line: 17
    Warning (13410): Pin "ProgramCounter[3]" is stuck at GND File: C:/descomp/Proj_relogio/relogio.vhd Line: 17
    Warning (13410): Pin "ProgramCounter[4]" is stuck at GND File: C:/descomp/Proj_relogio/relogio.vhd Line: 17
    Warning (13410): Pin "ProgramCounter[5]" is stuck at GND File: C:/descomp/Proj_relogio/relogio.vhd Line: 17
    Warning (13410): Pin "ProgramCounter[6]" is stuck at GND File: C:/descomp/Proj_relogio/relogio.vhd Line: 17
    Warning (13410): Pin "ProgramCounter[7]" is stuck at GND File: C:/descomp/Proj_relogio/relogio.vhd Line: 17
    Warning (13410): Pin "ProgramCounter[8]" is stuck at GND File: C:/descomp/Proj_relogio/relogio.vhd Line: 17
Info (286030): Timing-Driven Synthesis is running
Info (16010): Generating hard_block partition "hard_block:auto_generated_inst"
    Info (16011): Adding 0 node(s), including 0 DDIO, 0 PLL, 0 transceiver and 0 LCELL
Info (21057): Implemented 1297 device resources after synthesis - the final resource count might be different
    Info (21058): Implemented 16 input pins
    Info (21059): Implemented 76 output pins
    Info (21061): Implemented 1205 logic cells
Info: Quartus Prime Analysis & Synthesis was successful. 0 errors, 47 warnings
    Info: Peak virtual memory: 4849 megabytes
    Info: Processing ended: Sun Oct 29 11:28:21 2023
    Info: Elapsed time: 00:00:10
    Info: Total CPU time (on all processors): 00:00:21


